<?xml version="1.0" encoding="UTF-8"?>
<testsuite xmlns:xsi="http://www.w3.org/2001/XMLSchema-instance" xsi:noNamespaceSchemaLocation="https://maven.apache.org/surefire/maven-surefire-plugin/xsd/surefire-test-report.xsd" version="3.0.2" name="ru.vsu.cs.cg24.g82.dementiev_a.obj_writer.ObjWriterTests" time="0.192" tests="18" errors="0" skipped="0" failures="0">
  <properties>
[...]
</properties>
  <testcase name="normalToStringTest(float, float, float)[1]" classname="ru.vsu.cs.cg24.g82.dementiev_a.obj_writer.ObjWriterTests" time="0.05"/>
  <testcase name="normalToStringTest(float, float, float)[2]" classname="ru.vsu.cs.cg24.g82.dementiev_a.obj_writer.ObjWriterTests" time="0.002"/>
  <testcase name="normalToStringTest(float, float, float)[3]" classname="ru.vsu.cs.cg24.g82.dementiev_a.obj_writer.ObjWriterTests" time="0.001"/>
  <testcase name="normalToStringTest(float, float, float)[4]" classname="ru.vsu.cs.cg24.g82.dementiev_a.obj_writer.ObjWriterTests" time="0.001"/>
  <testcase name="writeTest(String)[1]" classname="ru.vsu.cs.cg24.g82.dementiev_a.obj_writer.ObjWriterTests" time="0.008"/>
  <testcase name="writeTest(String)[2]" classname="ru.vsu.cs.cg24.g82.dementiev_a.obj_writer.ObjWriterTests" time="0.002"/>
  <testcase name="writeTest(String)[3]" classname="ru.vsu.cs.cg24.g82.dementiev_a.obj_writer.ObjWriterTests" time="0.002"/>
  <testcase name="writeTest(String)[4]" classname="ru.vsu.cs.cg24.g82.dementiev_a.obj_writer.ObjWriterTests" time="0.003"/>
  <testcase name="writeTest(String)[5]" classname="ru.vsu.cs.cg24.g82.dementiev_a.obj_writer.ObjWriterTests" time="0.004"/>
  <testcase name="writeTest(String)[6]" classname="ru.vsu.cs.cg24.g82.dementiev_a.obj_writer.ObjWriterTests" time="0.003"/>
  <testcase name="vertexToStringTest(float, float, float)[1]" classname="ru.vsu.cs.cg24.g82.dementiev_a.obj_writer.ObjWriterTests" time="0.001"/>
  <testcase name="vertexToStringTest(float, float, float)[2]" classname="ru.vsu.cs.cg24.g82.dementiev_a.obj_writer.ObjWriterTests" time="0.001"/>
  <testcase name="vertexToStringTest(float, float, float)[3]" classname="ru.vsu.cs.cg24.g82.dementiev_a.obj_writer.ObjWriterTests" time="0.001"/>
  <testcase name="vertexToStringTest(float, float, float)[4]" classname="ru.vsu.cs.cg24.g82.dementiev_a.obj_writer.ObjWriterTests" time="0.001"/>
  <testcase name="textureVertexToStringTest(float, float)[1]" classname="ru.vsu.cs.cg24.g82.dementiev_a.obj_writer.ObjWriterTests" time="0.004"/>
  <testcase name="textureVertexToStringTest(float, float)[2]" classname="ru.vsu.cs.cg24.g82.dementiev_a.obj_writer.ObjWriterTests" time="0.001"/>
  <testcase name="textureVertexToStringTest(float, float)[3]" classname="ru.vsu.cs.cg24.g82.dementiev_a.obj_writer.ObjWriterTests" time="0.001"/>
  <testcase name="textureVertexToStringTest(float, float)[4]" classname="ru.vsu.cs.cg24.g82.dementiev_a.obj_writer.ObjWriterTests" time="0.001"/>
</testsuite>